<?xml version="1.0" encoding="UTF-8"?>
<!-- Generated by org.testng.reporters.JUnitXMLReporter -->
<testsuite ignored="0" hostname="LAPTOP-99HITVJM" failures="1" tests="1" name="Test" time="15.951" errors="0" timestamp="2024-12-29T22:13:39 IST">
  <testcase classname="TestFolder.TestRun" name="testRun" time="8.639">
    <failure type="java.lang.AssertionError" message="expected [Invalid +credentials] but found [Invalid credentials]">
      <![CDATA[java.lang.AssertionError: expected [Invalid +credentials] but found [Invalid credentials]
at TestFolder.TestRun.testRun(TestRun.java:49)
at java.base/java.util.ArrayList.forEach(ArrayList.java:1596)
... Removed 31 stack frames]]>
    </failure>
  </testcase> <!-- testRun -->
</testsuite> <!-- Test -->
