<?xml version="1.0" encoding="UTF-8"?>
<testng-results ignored="0" total="1" passed="1" failed="0" skipped="0">
  <reporter-output>
  </reporter-output>
  <suite started-at="2025-01-04T14:03:04 IST" name="Suite" finished-at="2025-01-04T14:03:16 IST" duration-ms="12455">
    <groups>
    </groups>
    <test started-at="2025-01-04T14:03:04 IST" name="Test" finished-at="2025-01-04T14:03:16 IST" duration-ms="12455">
      <class name="TestFolder.TestRun">
        <test-method is-config="true" signature="LaunchWebsite()[pri:0, instance:TestFolder.TestRun@5e2c3d18]" started-at="2025-01-04T14:03:04 IST" name="LaunchWebsite" finished-at="2025-01-04T14:03:09 IST" duration-ms="5327" status="PASS">
          <reporter-output>
          </reporter-output>
        </test-method> <!-- LaunchWebsite -->
        <test-method signature="testRun(java.util.HashMap)[pri:0, instance:TestFolder.TestRun@5e2c3d18]" started-at="2025-01-04T14:03:09 IST" name="testRun" data-provider="dataForLogin" finished-at="2025-01-04T14:03:16 IST" duration-ms="6711" status="PASS">
          <params>
            <param index="0">
              <value>
                <![CDATA[{user=Admin, password=Admin}]]>
              </value>
            </param>
          </params>
          <reporter-output>
          </reporter-output>
        </test-method> <!-- testRun -->
        <test-method is-config="true" signature="closeBrowser()[pri:0, instance:TestFolder.TestRun@5e2c3d18]" started-at="2025-01-04T14:03:16 IST" name="closeBrowser" finished-at="2025-01-04T14:03:16 IST" duration-ms="168" status="PASS">
          <reporter-output>
          </reporter-output>
        </test-method> <!-- closeBrowser -->
      </class> <!-- TestFolder.TestRun -->
    </test> <!-- Test -->
  </suite> <!-- Suite -->
</testng-results>
