<?xml version="1.0" encoding="UTF-8"?>
<testng-results ignored="0" total="1" passed="1" failed="0" skipped="0">
  <reporter-output>
  </reporter-output>
  <suite started-at="2025-03-19T19:34:00 IST" name="Surefire suite" finished-at="2025-03-19T19:34:21 IST" duration-ms="20459">
    <groups>
    </groups>
    <test started-at="2025-03-19T19:34:00 IST" name="Surefire test" finished-at="2025-03-19T19:34:21 IST" duration-ms="20459">
      <class name="TestFolder.TestRun">
        <test-method is-config="true" signature="LaunchWebsite()[pri:0, instance:TestFolder.TestRun@6ac13091]" started-at="2025-03-19T19:34:01 IST" name="LaunchWebsite" finished-at="2025-03-19T19:34:07 IST" duration-ms="6008" status="PASS">
          <reporter-output>
          </reporter-output>
        </test-method> <!-- LaunchWebsite -->
        <test-method signature="testRun(java.util.HashMap)[pri:0, instance:TestFolder.TestRun@6ac13091]" started-at="2025-03-19T19:34:07 IST" name="testRun" data-provider="dataForLogin" finished-at="2025-03-19T19:34:20 IST" duration-ms="13651" status="PASS">
          <params>
            <param index="0">
              <value>
                <![CDATA[{user=Admin, password=admin123}]]>
              </value>
            </param>
          </params>
          <reporter-output>
          </reporter-output>
        </test-method> <!-- testRun -->
        <test-method is-config="true" signature="closeBrowser()[pri:0, instance:TestFolder.TestRun@6ac13091]" started-at="2025-03-19T19:34:20 IST" name="closeBrowser" finished-at="2025-03-19T19:34:21 IST" duration-ms="482" status="PASS">
          <reporter-output>
          </reporter-output>
        </test-method> <!-- closeBrowser -->
      </class> <!-- TestFolder.TestRun -->
    </test> <!-- Surefire test -->
  </suite> <!-- Surefire suite -->
</testng-results>
