<?xml version="1.0" encoding="UTF-8"?>
<testng-results ignored="0" total="1" passed="1" failed="0" skipped="0">
  <reporter-output>
  </reporter-output>
  <suite started-at="2025-03-19T22:06:26 IST" name="Default suite" finished-at="2025-03-19T22:06:49 IST" duration-ms="22804">
    <groups>
    </groups>
    <test started-at="2025-03-19T22:06:26 IST" name="Default test" finished-at="2025-03-19T22:06:49 IST" duration-ms="22804">
      <class name="TestFolder.TestRun">
        <test-method is-config="true" signature="LaunchWebsite()[pri:0, instance:TestFolder.TestRun@55141def]" started-at="2025-03-19T22:06:26 IST" name="LaunchWebsite" finished-at="2025-03-19T22:06:35 IST" duration-ms="8623" status="PASS">
          <reporter-output>
          </reporter-output>
        </test-method> <!-- LaunchWebsite -->
        <test-method signature="testRun(java.util.HashMap)[pri:0, instance:TestFolder.TestRun@55141def]" started-at="2025-03-19T22:06:35 IST" name="testRun" data-provider="dataForLogin" finished-at="2025-03-19T22:06:49 IST" duration-ms="13574" status="PASS">
          <params>
            <param index="0">
              <value>
                <![CDATA[{user=Admin, password=admin123}]]>
              </value>
            </param>
          </params>
          <reporter-output>
          </reporter-output>
        </test-method> <!-- testRun -->
        <test-method is-config="true" signature="closeBrowser()[pri:0, instance:TestFolder.TestRun@55141def]" started-at="2025-03-19T22:06:49 IST" name="closeBrowser" finished-at="2025-03-19T22:06:49 IST" duration-ms="276" status="PASS">
          <reporter-output>
          </reporter-output>
        </test-method> <!-- closeBrowser -->
      </class> <!-- TestFolder.TestRun -->
    </test> <!-- Default test -->
  </suite> <!-- Default suite -->
</testng-results>
